<?xml version="1.0" encoding="UTF-8"?>
<!-- Generated by org.testng.reporters.JUnitXMLReporter -->
<testsuite hostname="DESKTOP-CCPG5IB" ignored="0" name="Test" tests="10" failures="0" timestamp="2022-03-22T12:21:06 IST" time="195.727" errors="0">
  <testcase name="@BeforeTest init" time="194.882" classname="theboss.Airnujini">
    <failure type="org.openqa.selenium.ElementNotInteractableException" message="element not interactable
  (Session info: chrome=99.0.4844.82)
Build info: version: &amp;apos;3.141.59&amp;apos;, revision: &amp;apos;e82be7d358&amp;apos;, time: &amp;apos;2018-11-14T08:25:53&amp;apos;
System info: host: &amp;apos;DESKTOP-CCPG5IB&amp;apos;, ip: &amp;apos;192.168.0.135&amp;apos;, os.name: &amp;apos;Windows 10&amp;apos;, os.arch: &amp;apos;amd64&amp;apos;, os.version: &amp;apos;10.0&amp;apos;, java.version: &amp;apos;1.8.0_211&amp;apos;
Driver info: org.openqa.selenium.chrome.ChromeDriver
Capabilities {acceptInsecureCerts: false, browserName: chrome, browserVersion: 99.0.4844.82, chrome: {chromedriverVersion: 99.0.4844.51 (d537ec02474b5..., userDataDir: C:\Users\Admin\AppData\Loca...}, goog:chromeOptions: {debuggerAddress: localhost:55643}, javascriptEnabled: true, networkConnectionEnabled: false, pageLoadStrategy: normal, platform: WINDOWS, platformName: WINDOWS, proxy: Proxy(), setWindowRect: true, strictFileInteractability: false, timeouts: {implicit: 0, pageLoad: 300000, script: 30000}, unhandledPromptBehavior: dismiss and notify, webauthn:extension:credBlob: true, webauthn:extension:largeBlob: true, webauthn:virtualAuthenticators: true}
Session ID: a2ecf3e47d4622227a360341d1fc837c">
      <![CDATA[org.openqa.selenium.ElementNotInteractableException: element not interactable
  (Session info: chrome=99.0.4844.82)
Build info: version: '3.141.59', revision: 'e82be7d358', time: '2018-11-14T08:25:53'
System info: host: 'DESKTOP-CCPG5IB', ip: '192.168.0.135', os.name: 'Windows 10', os.arch: 'amd64', os.version: '10.0', java.version: '1.8.0_211'
Driver info: org.openqa.selenium.chrome.ChromeDriver
Capabilities {acceptInsecureCerts: false, browserName: chrome, browserVersion: 99.0.4844.82, chrome: {chromedriverVersion: 99.0.4844.51 (d537ec02474b5..., userDataDir: C:\Users\Admin\AppData\Loca...}, goog:chromeOptions: {debuggerAddress: localhost:55643}, javascriptEnabled: true, networkConnectionEnabled: false, pageLoadStrategy: normal, platform: WINDOWS, platformName: WINDOWS, proxy: Proxy(), setWindowRect: true, strictFileInteractability: false, timeouts: {implicit: 0, pageLoad: 300000, script: 30000}, unhandledPromptBehavior: dismiss and notify, webauthn:extension:credBlob: true, webauthn:extension:largeBlob: true, webauthn:virtualAuthenticators: true}
Session ID: a2ecf3e47d4622227a360341d1fc837c
at org.openqa.selenium.remote.http.W3CHttpResponseCodec.createException(W3CHttpResponseCodec.java:187)
at org.openqa.selenium.remote.http.W3CHttpResponseCodec.decode(W3CHttpResponseCodec.java:122)
at org.openqa.selenium.remote.http.W3CHttpResponseCodec.decode(W3CHttpResponseCodec.java:49)
at org.openqa.selenium.remote.HttpCommandExecutor.execute(HttpCommandExecutor.java:158)
at org.openqa.selenium.remote.service.DriverCommandExecutor.execute(DriverCommandExecutor.java:83)
at org.openqa.selenium.remote.RemoteWebDriver.execute(RemoteWebDriver.java:552)
at org.openqa.selenium.remote.RemoteWebElement.execute(RemoteWebElement.java:285)
at org.openqa.selenium.remote.RemoteWebElement.click(RemoteWebElement.java:84)
at theboss.Airnujini.init(Airnujini.java:22)
... Removed 28 stack frames]]>
    </failure>
  </testcase> <!-- @BeforeTest init -->
  <testcase name="@BeforeTest init" time="-1.647931865017E9" classname="theboss.Mychoice">
    <skipped/>
  </testcase> <!-- @BeforeTest init -->
  <testcase name="@BeforeTest init" time="-1.647931865282E9" classname="theboss.ReadycarPaints">
    <skipped/>
  </testcase> <!-- @BeforeTest init -->
  <testcase name="@BeforeTest init" time="-1.64793186529E9" classname="theboss.SudhakarPipes">
    <skipped/>
  </testcase> <!-- @BeforeTest init -->
  <testcase name="@BeforeTest init" time="-1.647931865297E9" classname="theboss.TFP">
    <skipped/>
  </testcase> <!-- @BeforeTest init -->
  <testcase name="@AfterTest quit" time="-1.64793186554E9" classname="theboss.Airnujini">
    <skipped/>
  </testcase> <!-- @AfterTest quit -->
  <testcase name="@AfterTest quit" time="-1.647931865542E9" classname="theboss.Mychoice">
    <skipped/>
  </testcase> <!-- @AfterTest quit -->
  <testcase name="@AfterTest quit" time="-1.647931865544E9" classname="theboss.ReadycarPaints">
    <skipped/>
  </testcase> <!-- @AfterTest quit -->
  <testcase name="@AfterTest quit" time="-1.647931865546E9" classname="theboss.SudhakarPipes">
    <skipped/>
  </testcase> <!-- @AfterTest quit -->
  <testcase name="@AfterTest quit" time="-1.647931865547E9" classname="theboss.TFP">
    <skipped/>
  </testcase> <!-- @AfterTest quit -->
  <testcase name="login" time="0.0" classname="theboss.SudhakarPipes">
    <skipped/>
  </testcase> <!-- login -->
  <testcase name="logout" time="0.0" classname="theboss.SudhakarPipes">
    <skipped/>
  </testcase> <!-- logout -->
  <testcase name="login" time="0.0" classname="theboss.TFP">
    <skipped/>
  </testcase> <!-- login -->
  <testcase name="logout" time="0.0" classname="theboss.TFP">
    <skipped/>
  </testcase> <!-- logout -->
  <testcase name="login" time="0.0" classname="theboss.Mychoice">
    <skipped/>
  </testcase> <!-- login -->
  <testcase name="logout" time="0.0" classname="theboss.Mychoice">
    <skipped/>
  </testcase> <!-- logout -->
  <testcase name="login" time="0.0" classname="theboss.Airnujini">
    <skipped/>
  </testcase> <!-- login -->
  <testcase name="logout" time="0.0" classname="theboss.Airnujini">
    <skipped/>
  </testcase> <!-- logout -->
  <testcase name="login" time="0.0" classname="theboss.ReadycarPaints">
    <skipped/>
  </testcase> <!-- login -->
  <testcase name="logout" time="0.0" classname="theboss.ReadycarPaints">
    <skipped/>
  </testcase> <!-- logout -->
</testsuite> <!-- Test -->
